[debug] [2022-07-25T03:59:10.124Z] ----------------------------------------------------------------------
[debug] [2022-07-25T03:59:10.126Z] Command:       T:\Program Files\nodejs\node.exe C:\Users\victo\AppData\Roaming\npm\node_modules\firebase-tools\lib\bin\firebase.js init
[debug] [2022-07-25T03:59:10.127Z] CLI Version:   11.3.0
[debug] [2022-07-25T03:59:10.127Z] Platform:      win32
[debug] [2022-07-25T03:59:10.127Z] Node Version:  v16.16.0
[debug] [2022-07-25T03:59:10.128Z] Time:          Mon Jul 25 2022 00:59:10 GMT-0300 (Horário Padrão de Brasília)
[debug] [2022-07-25T03:59:10.128Z] ----------------------------------------------------------------------
[debug] 
[debug] [2022-07-25T03:59:10.204Z] > command requires scopes: ["email","openid","https://www.googleapis.com/auth/cloudplatformprojects.readonly","https://www.googleapis.com/auth/firebase","https://www.googleapis.com/auth/cloud-platform"]
[debug] [2022-07-25T03:59:10.204Z] > authorizing via signed-in user (victormanoel1227@gmail.com)
[info] 
     ######## #### ########  ######## ########     ###     ######  ########
     ##        ##  ##     ## ##       ##     ##  ##   ##  ##       ##
     ######    ##  ########  ######   ########  #########  ######  ######
     ##        ##  ##    ##  ##       ##     ## ##     ##       ## ##
     ##       #### ##     ## ######## ########  ##     ##  ######  ########

You're about to initialize a Firebase project in this directory:

  C:\Users\victo\Desktop\Pasta\FairPlay

Before we get started, keep in mind:

  * You are initializing within an existing Firebase project directory

